<?xml version="1.0" encoding="UTF-8"?>
<!-- Generated by org.testng.reporters.JUnitReportReporter -->
<testsuite hostname="CHNMCT408775L" failures="0" tests="3" name="SeleniumTestNG.TestNGSample" time="0.007" errors="0" timestamp="2024-08-28T11:32:24 IST" skipped="0">
  <testcase classname="SeleniumTestNG.TestNGSample" name="thirdcase" time="0.002"/>
  <testcase classname="SeleniumTestNG.TestNGSample" name="secondcase" time="0.003"/>
  <testcase classname="SeleniumTestNG.TestNGSample" name="firstcase" time="0.002"/>
</testsuite> <!-- SeleniumTestNG.TestNGSample -->
