<?xml version="1.0" encoding="UTF-8"?>
<!-- Generated by org.testng.reporters.JUnitReportReporter -->
<testsuite hostname="CHNMCT408775L" failures="0" tests="2" name="SeleniumTestNG.TestNGParallel" time="8.467" errors="0" timestamp="2024-08-29T17:13:14 IST" skipped="0">
  <testcase classname="SeleniumTestNG.TestNGParallel" name="openbing" time="3.358"/>
  <testcase classname="SeleniumTestNG.TestNGParallel" name="opengoogle" time="5.109"/>
</testsuite> <!-- SeleniumTestNG.TestNGParallel -->
