<?xml version="1.0" encoding="UTF-8"?>
<!-- Generated by org.testng.reporters.JUnitReportReporter -->
<testsuite hostname="CHNMCT408775L" failures="0" tests="3" name="SeleniumTestNG.TestNGDependencies" time="0.010" errors="0" timestamp="2024-08-28T11:32:24 IST" skipped="0">
  <testcase classname="SeleniumTestNG.TestNGDependencies" name="highersecondary" time="0.003"/>
  <testcase classname="SeleniumTestNG.TestNGDependencies" name="engineering" time="0.004"/>
  <testcase classname="SeleniumTestNG.TestNGDependencies" name="highschool" time="0.003"/>
</testsuite> <!-- SeleniumTestNG.TestNGDependencies -->
