<?xml version="1.0" encoding="UTF-8"?>
<!-- Generated by org.testng.reporters.JUnitReportReporter -->
<testsuite hostname="CHNMCT408775L" failures="0" tests="1" name="SeleniumTestNG.TestNGParameterized" time="0.010" errors="0" timestamp="2024-08-28T18:35:12 IST" skipped="0">
  <testcase classname="SeleniumTestNG.TestNGParameterized" name="Printname" time="0.010"/>
</testsuite> <!-- SeleniumTestNG.TestNGParameterized -->
