<?xml version="1.0" encoding="UTF-8"?>
<!-- Generated by org.testng.reporters.JUnitReportReporter -->
<testsuite hostname="CHNMCT408775L" failures="0" tests="5" name="SeleniumTestNG.TestNGpriority" time="0.012" errors="0" timestamp="2024-08-28T11:32:24 IST" skipped="0">
  <testcase classname="SeleniumTestNG.TestNGpriority" name="startthecar" time="0.003"/>
  <testcase classname="SeleniumTestNG.TestNGpriority" name="putfirstgear" time="0.003"/>
  <testcase classname="SeleniumTestNG.TestNGpriority" name="putsecondgear" time="0.002"/>
  <testcase classname="SeleniumTestNG.TestNGpriority" name="putthirdgear" time="0.002"/>
  <testcase classname="SeleniumTestNG.TestNGpriority" name="putfourthgear" time="0.002"/>
</testsuite> <!-- SeleniumTestNG.TestNGpriority -->
