<?xml version="1.0" encoding="UTF-8"?>
<!-- Generated by org.testng.reporters.JUnitReportReporter -->
<testsuite hostname="CHNMCT408775L" failures="0" tests="1" name="SeleniumTestNG.TestNGAssertionsTest" time="0.009" errors="0" timestamp="2024-09-02T11:08:19 IST" skipped="0">
  <testcase classname="SeleniumTestNG.TestNGAssertionsTest" name="test" time="0.009"/>
</testsuite> <!-- SeleniumTestNG.TestNGAssertionsTest -->
