<?xml version="1.0" encoding="UTF-8"?>
<!-- Generated by org.testng.reporters.JUnitReportReporter -->
<testsuite hostname="CHNMCT408775L" failures="0" tests="3" name="SeleniumTestNG.TestNGBeforeAfterAnnotations" time="12.511" errors="0" timestamp="2024-08-28T11:32:24 IST" skipped="0">
  <testcase classname="SeleniumTestNG.TestNGBeforeAfterAnnotations" name="openbing" time="1.008"/>
  <testcase classname="SeleniumTestNG.TestNGBeforeAfterAnnotations" name="openyahoo" time="8.902"/>
  <testcase classname="SeleniumTestNG.TestNGBeforeAfterAnnotations" name="opengoogle" time="2.601"/>
</testsuite> <!-- SeleniumTestNG.TestNGBeforeAfterAnnotations -->
