<?xml version="1.0" encoding="UTF-8"?>
<!-- Generated by org.testng.reporters.JUnitReportReporter -->
<testsuite hostname="CHNMCT408775L" failures="0" tests="8" name="SeleniumTestNG.TestNGGrouping" time="0.018" errors="0" timestamp="2024-08-28T18:25:50 IST" skipped="0">
  <testcase classname="SeleniumTestNG.TestNGGrouping" name="Lenovo2" time="0.001"/>
  <testcase classname="SeleniumTestNG.TestNGGrouping" name="apple1" time="0.001"/>
  <testcase classname="SeleniumTestNG.TestNGGrouping" name="apple2" time="0.001"/>
  <testcase classname="SeleniumTestNG.TestNGGrouping" name="Lenovo1" time="0.008"/>
  <testcase classname="SeleniumTestNG.TestNGGrouping" name="VIVO1" time="0.002"/>
  <testcase classname="SeleniumTestNG.TestNGGrouping" name="MOTO1" time="0.002"/>
  <testcase classname="SeleniumTestNG.TestNGGrouping" name="VIVO2" time="0.001"/>
  <testcase classname="SeleniumTestNG.TestNGGrouping" name="MOTO2" time="0.002"/>
</testsuite> <!-- SeleniumTestNG.TestNGGrouping -->
