<?xml version="1.0" encoding="UTF-8"?>
<!-- Generated by org.testng.reporters.JUnitReportReporter -->
<testsuite hostname="CHNMCT408775L" failures="0" tests="6" name="SeleniumTestNG.TestNGSkipcase" time="0.027" errors="0" timestamp="2024-08-28T11:32:24 IST" skipped="1">
  <testcase classname="SeleniumTestNG.TestNGSkipcase" name="startthecar" time="0.005"/>
  <testcase classname="SeleniumTestNG.TestNGSkipcase" name="putfirstgear" time="0.006"/>
  <testcase classname="SeleniumTestNG.TestNGSkipcase" name="putsecondgear" time="0.013"/>
  <testcase classname="SeleniumTestNG.TestNGSkipcase" name="putthirdgear" time="0.001"/>
  <testcase classname="SeleniumTestNG.TestNGSkipcase" name="putfourthgear" time="0.002"/>
  <testcase classname="SeleniumTestNG.TestNGSkipcase" name="turnonmusic">
    <skipped/>
  </testcase> <!-- turnonmusic -->
</testsuite> <!-- SeleniumTestNG.TestNGSkipcase -->
